<?xml version="1.0" encoding="UTF-8"?>
<testsuite xmlns:xsi="http://www.w3.org/2001/XMLSchema-instance" xsi:noNamespaceSchemaLocation="https://maven.apache.org/surefire/maven-surefire-plugin/xsd/surefire-test-report-3.0.xsd" version="3.0" name="TestSuite" time="13.472" tests="3" errors="0" skipped="0" failures="1">
  <properties>
[...]
</properties>
  <testcase name="getResponseCode[/v4/launches/latest](1)" classname="testcases.GetResponseCodeTest" time="4.044">
    <system-out><![CDATA[HTTP/1.1 200 OK
Date: Wed, 24 Mar 2021 15:35:07 GMT
Content-Type: application/json; charset=utf-8
Content-Length: 1073
Connection: keep-alive
Set-Cookie: __cfduid=d83c8cc90ae26baa573ba13402c6a125a1616600107; expires=Fri, 23-Apr-21 15:35:07 GMT; path=/; domain=.spacexdata.com; HttpOnly; SameSite=Lax; Secure
Access-Control-Allow-Origin: *
Access-Control-Expose-Headers: spacex-api-cache,spacex-api-response-time
Cache-Control: max-age=20
Content-Encoding: gzip
Content-Security-Policy: default-src 'self';base-uri 'self';block-all-mixed-content;font-src 'self' https: data:;frame-ancestors 'self';img-src 'self' data:;object-src 'none';script-src 'self';script-src-attr 'none';style-src 'self' https: 'unsafe-inline';upgrade-insecure-requests
Etag: "824-9PAADcya5UZoiiY7klIa/pdHs48"
Expect-Ct: max-age=0
Referrer-Policy: no-referrer
Spacex-Api-Cache: HIT
Spacex-Api-Cache-Online: true
Spacex-Api-Response-Time: 24ms
Strict-Transport-Security: max-age=15552000; includeSubDomains
Vary: Origin
Vary: Accept-Encoding
X-Content-Type-Options: nosniff
X-Dns-Prefetch-Control: off
X-Download-Options: noopen
X-Frame-Options: SAMEORIGIN
X-Permitted-Cross-Domain-Policies: none
X-Xss-Protection: 0
CF-Cache-Status: DYNAMIC
cf-request-id: 0906791ff300003dae379f6000000001
Report-To: {"max_age":604800,"group":"cf-nel","endpoints":[{"url":"https:\/\/a.nel.cloudflare.com\/report?s=QE62hJG037LFlXjAA5pvw7N2i7jYVmtS9wjsowST70FCrCO%2F40yGmc%2FKPPXvuYJC8QF0D%2BKE%2BA92fh1kZaC863A8oWz7ic838MDSJ9MxiClhnqw%3D"}]}
NEL: {"max_age":604800,"report_to":"cf-nel"}
Server: cloudflare
CF-RAY: 6350f7acbd153dae-EWR
alt-svc: h3-27=":443"; ma=86400, h3-28=":443"; ma=86400, h3-29=":443"; ma=86400

{
    "fairings": {
        "reused": null,
        "recovery_attempt": true,
        "recovered": null,
        "ships": [
            "6059166413f40e27e8af34b6",
            "5ea6ed2f080df4000697c90b"
        ]
    },
    "links": {
        "patch": {
            "small": "https://imgur.com/BrW201S.png",
            "large": "https://imgur.com/573IfGk.png"
        },
        "reddit": {
            "campaign": "https://www.reddit.com/r/spacex/comments/jhu37i/starlink_general_discussion_and_deployment_thread/",
            "launch": "https://www.reddit.com/r/spacex/comments/maqmd0/rspacex_starlink22_launch_discussion_updates/",
            "media": null,
            "recovery": "https://www.reddit.com/r/spacex/comments/k2ts1q/rspacex_fleet_updates_discussion_thread/"
        },
        "flickr": {
            "small": [
                
            ],
            "original": [
                
            ]
        },
        "presskit": null,
        "webcast": "https://youtu.be/a15czI9B91c",
        "youtube_id": "a15czI9B91c",
        "article": "https://spaceflightnow.com/2021/03/24/spacex-launches-25th-mission-to-build-out-starlink-internet-network/",
        "wikipedia": "https://en.wikipedia.org/wiki/Starlink"
    },
    "static_fire_date_utc": null,
    "static_fire_date_unix": null,
    "tbd": false,
    "net": false,
    "window": null,
    "rocket": "5e9d0d95eda69973a809d1ec",
    "success": true,
    "details": "This mission launches the 22nd batch of operational Starlink satellites, which are version 1.0, from or SLC-40. It is the 23rd Starlink launch overall. The satellites will be delivered to low Earth orbit and will spend a few weeks maneuvering to their operational altitude. The booster is expected to land on an ASDS.",
    "crew": [
        
    ],
    "ships": [
        "5ee68c683c228f36bd5809b5",
        "5ea6ed30080df4000697c913",
        "5ea6ed2f080df4000697c90b",
        "6059166413f40e27e8af34b6"
    ],
    "capsules": [
        
    ],
    "payloads": [
        "60428afbc041c16716f73cdd"
    ],
    "launchpad": "5e9e4501f509094ba4566f84",
    "auto_update": true,
    "launch_library_id": "ec03fe36-fe2a-4e43-8e10-d07d5349f1de",
    "failures": [
        
    ],
    "flight_number": 121,
    "name": "Starlink-22 (v1.0)",
    "date_utc": "2021-03-24T08:28:00.000Z",
    "date_unix": 1616574480,
    "date_local": "2021-03-24T04:28:00-04:00",
    "date_precision": "hour",
    "upcoming": false,
    "cores": [
        {
            "core": "5ef670f10059c33cee4a826c",
            "flight": 6,
            "gridfins": true,
            "legs": true,
            "reused": true,
            "landing_attempt": true,
            "landing_success": true,
            "landing_type": "ASDS",
            "landpad": "5e9e3032383ecb6bb234e7ca"
        }
    ],
    "id": "60428aafc041c16716f73cd7"
}
]]></system-out>
    <system-err><![CDATA[SLF4J: Failed to load class "org.slf4j.impl.StaticLoggerBinder".
SLF4J: Defaulting to no-operation (NOP) logger implementation
SLF4J: See http://www.slf4j.org/codes.html#StaticLoggerBinder for further details.
]]></system-err>
  </testcase>
  <testcase name="getResponseId[600f9a8d8f798e2a4d5f979e, /v4/launches/latest](1)" classname="testcases.GetResponseIdTest" time="2.875">
    <failure message="expected [600f9a8d8f798e2a4d5f979e] but found [60428aafc041c16716f73cd7]" type="java.lang.AssertionError"><![CDATA[java.lang.AssertionError: expected [600f9a8d8f798e2a4d5f979e] but found [60428aafc041c16716f73cd7]
	at testcases.GetResponseIdTest.getResponseId(GetResponseIdTest.java:33)
]]></failure>
    <system-out><![CDATA[HTTP/1.1 200 OK
Date: Wed, 24 Mar 2021 15:35:10 GMT
Content-Type: application/json; charset=utf-8
Content-Length: 1073
Connection: keep-alive
Set-Cookie: __cfduid=df2310f43af23c5922435dac334fff4c71616600109; expires=Fri, 23-Apr-21 15:35:09 GMT; path=/; domain=.spacexdata.com; HttpOnly; SameSite=Lax; Secure
Access-Control-Allow-Origin: *
Access-Control-Expose-Headers: spacex-api-cache,spacex-api-response-time
Cache-Control: max-age=20
Content-Encoding: gzip
Content-Security-Policy: default-src 'self';base-uri 'self';block-all-mixed-content;font-src 'self' https: data:;frame-ancestors 'self';img-src 'self' data:;object-src 'none';script-src 'self';script-src-attr 'none';style-src 'self' https: 'unsafe-inline';upgrade-insecure-requests
Etag: "824-9PAADcya5UZoiiY7klIa/pdHs48"
Expect-Ct: max-age=0
Referrer-Policy: no-referrer
Spacex-Api-Cache: HIT
Spacex-Api-Cache-Online: true
Spacex-Api-Response-Time: 1ms
Strict-Transport-Security: max-age=15552000; includeSubDomains
Vary: Origin
Vary: Accept-Encoding
X-Content-Type-Options: nosniff
X-Dns-Prefetch-Control: off
X-Download-Options: noopen
X-Frame-Options: SAMEORIGIN
X-Permitted-Cross-Domain-Policies: none
X-Xss-Protection: 0
CF-Cache-Status: DYNAMIC
cf-request-id: 0906792b760000556b72b8a000000001
Report-To: {"max_age":604800,"endpoints":[{"url":"https:\/\/a.nel.cloudflare.com\/report?s=kcCvIJOUXBT%2BZGBphg6DS6Gd%2FQ7v55KQpzCJG4t%2Fr%2B4OZzreSCcSHh16CimaVcsgUoDrL1NHspz%2B%2BY6oKfl%2BYnBdCsea8HJgTOa%2B6c6EidabEH0%3D"}],"group":"cf-nel"}
NEL: {"report_to":"cf-nel","max_age":604800}
Server: cloudflare
CF-RAY: 6350f7bf2a2f556b-EWR
alt-svc: h3-27=":443"; ma=86400, h3-28=":443"; ma=86400, h3-29=":443"; ma=86400

{
    "fairings": {
        "reused": null,
        "recovery_attempt": true,
        "recovered": null,
        "ships": [
            "6059166413f40e27e8af34b6",
            "5ea6ed2f080df4000697c90b"
        ]
    },
    "links": {
        "patch": {
            "small": "https://imgur.com/BrW201S.png",
            "large": "https://imgur.com/573IfGk.png"
        },
        "reddit": {
            "campaign": "https://www.reddit.com/r/spacex/comments/jhu37i/starlink_general_discussion_and_deployment_thread/",
            "launch": "https://www.reddit.com/r/spacex/comments/maqmd0/rspacex_starlink22_launch_discussion_updates/",
            "media": null,
            "recovery": "https://www.reddit.com/r/spacex/comments/k2ts1q/rspacex_fleet_updates_discussion_thread/"
        },
        "flickr": {
            "small": [
                
            ],
            "original": [
                
            ]
        },
        "presskit": null,
        "webcast": "https://youtu.be/a15czI9B91c",
        "youtube_id": "a15czI9B91c",
        "article": "https://spaceflightnow.com/2021/03/24/spacex-launches-25th-mission-to-build-out-starlink-internet-network/",
        "wikipedia": "https://en.wikipedia.org/wiki/Starlink"
    },
    "static_fire_date_utc": null,
    "static_fire_date_unix": null,
    "tbd": false,
    "net": false,
    "window": null,
    "rocket": "5e9d0d95eda69973a809d1ec",
    "success": true,
    "details": "This mission launches the 22nd batch of operational Starlink satellites, which are version 1.0, from or SLC-40. It is the 23rd Starlink launch overall. The satellites will be delivered to low Earth orbit and will spend a few weeks maneuvering to their operational altitude. The booster is expected to land on an ASDS.",
    "crew": [
        
    ],
    "ships": [
        "5ee68c683c228f36bd5809b5",
        "5ea6ed30080df4000697c913",
        "5ea6ed2f080df4000697c90b",
        "6059166413f40e27e8af34b6"
    ],
    "capsules": [
        
    ],
    "payloads": [
        "60428afbc041c16716f73cdd"
    ],
    "launchpad": "5e9e4501f509094ba4566f84",
    "auto_update": true,
    "launch_library_id": "ec03fe36-fe2a-4e43-8e10-d07d5349f1de",
    "failures": [
        
    ],
    "flight_number": 121,
    "name": "Starlink-22 (v1.0)",
    "date_utc": "2021-03-24T08:28:00.000Z",
    "date_unix": 1616574480,
    "date_local": "2021-03-24T04:28:00-04:00",
    "date_precision": "hour",
    "upcoming": false,
    "cores": [
        {
            "core": "5ef670f10059c33cee4a826c",
            "flight": 6,
            "gridfins": true,
            "legs": true,
            "reused": true,
            "landing_attempt": true,
            "landing_success": true,
            "landing_type": "ASDS",
            "landpad": "5e9e3032383ecb6bb234e7ca"
        }
    ],
    "id": "60428aafc041c16716f73cd7"
}
]]></system-out>
  </testcase>
  <testcase name="getResponseShipsCount[4, /v4/launches/latest](1)" classname="testcases.GetResponseShipsCountTest" time="4.014">
    <system-out><![CDATA[HTTP/1.1 200 OK
Date: Wed, 24 Mar 2021 15:35:14 GMT
Content-Type: application/json; charset=utf-8
Content-Length: 1073
Connection: keep-alive
Set-Cookie: __cfduid=d0962a35b509f3d15432a6ceabd24d3491616600112; expires=Fri, 23-Apr-21 15:35:12 GMT; path=/; domain=.spacexdata.com; HttpOnly; SameSite=Lax; Secure
Access-Control-Allow-Origin: *
Access-Control-Expose-Headers: spacex-api-cache,spacex-api-response-time
Cache-Control: max-age=20
Content-Encoding: gzip
Content-Security-Policy: default-src 'self';base-uri 'self';block-all-mixed-content;font-src 'self' https: data:;frame-ancestors 'self';img-src 'self' data:;object-src 'none';script-src 'self';script-src-attr 'none';style-src 'self' https: 'unsafe-inline';upgrade-insecure-requests
Etag: "824-9PAADcya5UZoiiY7klIa/pdHs48"
Expect-Ct: max-age=0
Referrer-Policy: no-referrer
Spacex-Api-Cache: HIT
Spacex-Api-Cache-Online: true
Spacex-Api-Response-Time: 1185ms
Strict-Transport-Security: max-age=15552000; includeSubDomains
Vary: Origin
Vary: Accept-Encoding
X-Content-Type-Options: nosniff
X-Dns-Prefetch-Control: off
X-Download-Options: noopen
X-Frame-Options: SAMEORIGIN
X-Permitted-Cross-Domain-Policies: none
X-Xss-Protection: 0
CF-Cache-Status: DYNAMIC
cf-request-id: 09067936070000153a8db55000000001
Report-To: {"endpoints":[{"url":"https:\/\/a.nel.cloudflare.com\/report?s=W7OnxFCb%2FAk6ye8ruD%2FAJB50q%2FTPlDhcyxqY9%2FbGyivzkHBumt%2B6H58UkbcgWDnN0YwcYhdxJIa9R7dbOqSau0lxjCRRuqpLxycnXiq6AfzjXcc%3D"}],"group":"cf-nel","max_age":604800}
NEL: {"report_to":"cf-nel","max_age":604800}
Server: cloudflare
CF-RAY: 6350f7d00be5153a-EWR
alt-svc: h3-27=":443"; ma=86400, h3-28=":443"; ma=86400, h3-29=":443"; ma=86400

{
    "fairings": {
        "reused": null,
        "recovery_attempt": true,
        "recovered": null,
        "ships": [
            "6059166413f40e27e8af34b6",
            "5ea6ed2f080df4000697c90b"
        ]
    },
    "links": {
        "patch": {
            "small": "https://imgur.com/BrW201S.png",
            "large": "https://imgur.com/573IfGk.png"
        },
        "reddit": {
            "campaign": "https://www.reddit.com/r/spacex/comments/jhu37i/starlink_general_discussion_and_deployment_thread/",
            "launch": "https://www.reddit.com/r/spacex/comments/maqmd0/rspacex_starlink22_launch_discussion_updates/",
            "media": null,
            "recovery": "https://www.reddit.com/r/spacex/comments/k2ts1q/rspacex_fleet_updates_discussion_thread/"
        },
        "flickr": {
            "small": [
                
            ],
            "original": [
                
            ]
        },
        "presskit": null,
        "webcast": "https://youtu.be/a15czI9B91c",
        "youtube_id": "a15czI9B91c",
        "article": "https://spaceflightnow.com/2021/03/24/spacex-launches-25th-mission-to-build-out-starlink-internet-network/",
        "wikipedia": "https://en.wikipedia.org/wiki/Starlink"
    },
    "static_fire_date_utc": null,
    "static_fire_date_unix": null,
    "tbd": false,
    "net": false,
    "window": null,
    "rocket": "5e9d0d95eda69973a809d1ec",
    "success": true,
    "details": "This mission launches the 22nd batch of operational Starlink satellites, which are version 1.0, from or SLC-40. It is the 23rd Starlink launch overall. The satellites will be delivered to low Earth orbit and will spend a few weeks maneuvering to their operational altitude. The booster is expected to land on an ASDS.",
    "crew": [
        
    ],
    "ships": [
        "5ee68c683c228f36bd5809b5",
        "5ea6ed30080df4000697c913",
        "5ea6ed2f080df4000697c90b",
        "6059166413f40e27e8af34b6"
    ],
    "capsules": [
        
    ],
    "payloads": [
        "60428afbc041c16716f73cdd"
    ],
    "launchpad": "5e9e4501f509094ba4566f84",
    "auto_update": true,
    "launch_library_id": "ec03fe36-fe2a-4e43-8e10-d07d5349f1de",
    "failures": [
        
    ],
    "flight_number": 121,
    "name": "Starlink-22 (v1.0)",
    "date_utc": "2021-03-24T08:28:00.000Z",
    "date_unix": 1616574480,
    "date_local": "2021-03-24T04:28:00-04:00",
    "date_precision": "hour",
    "upcoming": false,
    "cores": [
        {
            "core": "5ef670f10059c33cee4a826c",
            "flight": 6,
            "gridfins": true,
            "legs": true,
            "reused": true,
            "landing_attempt": true,
            "landing_success": true,
            "landing_type": "ASDS",
            "landpad": "5e9e3032383ecb6bb234e7ca"
        }
    ],
    "id": "60428aafc041c16716f73cd7"
}
]]></system-out>
  </testcase>
</testsuite>