<?xml version="1.0" encoding="UTF-8"?>
<testng-results skipped="0" failed="0" ignored="0" total="1" passed="1">
  <reporter-output>
  </reporter-output>
  <suite name="Default suite" duration-ms="4284" started-at="2021-03-24T09:54:54 IST" finished-at="2021-03-24T09:54:58 IST">
    <groups>
    </groups>
    <test name="Default test" duration-ms="4284" started-at="2021-03-24T09:54:54 IST" finished-at="2021-03-24T09:54:58 IST">
      <class name="testcases.GetResponseShipsCountTest">
        <test-method status="PASS" signature="extentReportSetUp()[pri:0, instance:testcases.GetResponseShipsCountTest@6043cd28]" name="extentReportSetUp" is-config="true" duration-ms="143" started-at="2021-03-24T09:54:53 IST" finished-at="2021-03-24T09:54:54 IST">
          <reporter-output>
          </reporter-output>
        </test-method> <!-- extentReportSetUp -->
        <test-method status="PASS" signature="setUp()[pri:0, instance:testcases.GetResponseShipsCountTest@6043cd28]" name="setUp" is-config="true" duration-ms="380" started-at="2021-03-24T09:54:54 IST" finished-at="2021-03-24T09:54:54 IST">
          <reporter-output>
          </reporter-output>
        </test-method> <!-- setUp -->
        <test-method status="PASS" signature="getResponseShipsCount(int, java.lang.String)[pri:0, instance:testcases.GetResponseShipsCountTest@6043cd28]" name="getResponseShipsCount" duration-ms="3095" started-at="2021-03-24T09:54:54 IST" data-provider="TestData" finished-at="2021-03-24T09:54:58 IST">
          <params>
            <param index="0">
              <value>
                <![CDATA[4]]>
              </value>
            </param>
            <param index="1">
              <value>
                <![CDATA[/v4/launches/latest]]>
              </value>
            </param>
          </params>
          <reporter-output>
          </reporter-output>
        </test-method> <!-- getResponseShipsCount -->
        <test-method status="PASS" signature="tearDown(org.testng.ITestResult)[pri:0, instance:testcases.GetResponseShipsCountTest@6043cd28]" name="tearDown" is-config="true" duration-ms="228" started-at="2021-03-24T09:54:58 IST" finished-at="2021-03-24T09:54:58 IST">
          <params>
            <param index="0">
              <value>
                <![CDATA[[TestResult name=getResponseShipsCount status=SUCCESS method=GetResponseShipsCountTest.getResponseShipsCount(int, java.lang.String)[pri:0, instance:testcases.GetResponseShipsCountTest@6043cd28] output={null}]]]>
              </value>
            </param>
          </params>
          <reporter-output>
          </reporter-output>
        </test-method> <!-- tearDown -->
      </class> <!-- testcases.GetResponseShipsCountTest -->
    </test> <!-- Default test -->
  </suite> <!-- Default suite -->
</testng-results>
